<?xml version="1.0" encoding="UTF-8"?>
<!-- Generated by org.testng.reporters.JUnitReportReporter -->
<testsuite hostname="DESKTOP-FADL0SF" failures="0" tests="1" name="com.bridgelabz.qa.Automation.Launch_Browser" time="19.133" errors="0" timestamp="2023-01-21T14:16:35 IST" skipped="0">
  <testcase classname="com.bridgelabz.qa.Automation.Launch_Browser" name="browser_navigations" time="19.133"/>
  <system-out/>
</testsuite> <!-- com.bridgelabz.qa.Automation.Launch_Browser -->
