<?xml version="1.0" encoding="UTF-8"?>
<!-- Generated by org.testng.reporters.JUnitReportReporter -->
<testsuite hostname="DESKTOP-FADL0SF" failures="0" tests="1" name="com.bridgelabz.qa.Automation.Locators_Test" time="4.762" errors="0" timestamp="2023-01-30T09:28:50 IST" skipped="0">
  <testcase classname="com.bridgelabz.qa.Automation.Locators_Test" name="locators_Signup" time="4.762"/>
  <system-out/>
</testsuite> <!-- com.bridgelabz.qa.Automation.Locators_Test -->
