<?xml version="1.0" encoding="UTF-8"?>
<!-- Generated by org.testng.reporters.JUnitReportReporter -->
<testsuite hostname="DESKTOP-FADL0SF" failures="0" tests="1" name="com.bridgelabz.qa.Automation.Active_Element_Method" time="2.983" errors="0" timestamp="2023-01-31T08:41:46 IST" skipped="0">
  <testcase classname="com.bridgelabz.qa.Automation.Active_Element_Method" name="active_Element" time="2.983"/>
  <system-out/>
</testsuite> <!-- com.bridgelabz.qa.Automation.Active_Element_Method -->
