<?xml version="1.0" encoding="UTF-8"?>
<!-- Generated by org.testng.reporters.JUnitReportReporter -->
<testsuite hostname="DESKTOP-FADL0SF" failures="0" tests="1" name="com.bridgelabz.qa.Automation.Handling_Mouse_Keyboard_Oprection" time="22.910" errors="0" timestamp="2023-01-30T18:44:27 IST" skipped="0">
  <testcase classname="com.bridgelabz.qa.Automation.Handling_Mouse_Keyboard_Oprection" name="mouse_and_Keyboard_Operations" time="22.910"/>
  <system-out/>
</testsuite> <!-- com.bridgelabz.qa.Automation.Handling_Mouse_Keyboard_Oprection -->
