<?xml version="1.0" encoding="UTF-8"?>
<!-- Generated by org.testng.reporters.JUnitReportReporter -->
<testsuite hostname="DESKTOP-FADL0SF" failures="0" tests="1" name="com.bridgelabz.qa.Automation.Capturing_Screenshot_Test" time="10.953" errors="0" timestamp="2023-01-21T14:28:42 IST" skipped="0">
  <testcase classname="com.bridgelabz.qa.Automation.Capturing_Screenshot_Test" name="screenshort" time="10.953"/>
  <system-out/>
</testsuite> <!-- com.bridgelabz.qa.Automation.Capturing_Screenshot_Test -->
