<?xml version="1.0" encoding="UTF-8"?>
<!-- Generated by org.testng.reporters.JUnitReportReporter -->
<testsuite hostname="DESKTOP-FADL0SF" failures="0" tests="1" name="com.bridgelabz.qa.Automation.Validating_Page_Test" time="3.507" errors="0" timestamp="2023-01-31T08:42:51 IST" skipped="0">
  <testcase classname="com.bridgelabz.qa.Automation.Validating_Page_Test" name="page_Url_Validation" time="3.507"/>
  <system-out/>
</testsuite> <!-- com.bridgelabz.qa.Automation.Validating_Page_Test -->
